2019-12-24 22:07:34 method: org.hibernate.validator.internal.util.Version.<clinit>(Version.java:30) - [ INFO ]----HV000001: Hibernate Validator 5.2.4.Final
2019-12-24 22:07:34 method: cases.BaseCase.test(BaseCase.java:54) - [ INFO ]----======================参数化替换======================http://api.keyou.site:8000/user/register/
2019-12-24 22:07:34 method: cases.BaseCase.test(BaseCase.java:57) - [ INFO ]----替换后的参数：{"username":"15204144473","email":"15708367211@qq.cpm","password":"12345678","password_confirm":"12345678"}
2019-12-24 22:07:34 method: cases.BaseCase.test(BaseCase.java:58) - [ INFO ]----sql校验：null
2019-12-24 22:07:34 method: utils.HttpUtils.testPostJson(HttpUtils.java:225) - [ INFO ]----token：null
2019-12-24 22:07:36 method: utils.HttpUtils.testPostJson(HttpUtils.java:250) - [ INFO ]----请求头：[Server: nginx/1.16.1, Date: Tue, 24 Dec 2019 14:07:35 GMT, Content-Type: application/json, Content-Length: 242, Connection: keep-alive, Vary: Accept, Origin, Cookie, Allow: POST, OPTIONS, X-Frame-Options: SAMEORIGIN]
2019-12-24 22:07:36 method: utils.HttpUtils.testPostJson(HttpUtils.java:251) - [ INFO ]----请求参数：{"username":"15204144473","email":"15708367211@qq.cpm","password":"12345678","password_confirm":"12345678"}
2019-12-24 22:07:36 method: utils.HttpUtils.testPostJson(HttpUtils.java:252) - [ INFO ]----状态码：201
2019-12-24 22:07:36 method: utils.HttpUtils.testPostJson(HttpUtils.java:253) - [ INFO ]----响应体：{"id":377,"username":"15204144473","token":"eyJ0eXAiOiJKV1QiLCJhbGciOiJIUzI1NiJ9.eyJ1c2VyX2lkIjozNzcsInVzZXJuYW1lIjoiMTUyMDQxNDQ0NzMiLCJleHAiOjE1NzcyODI4NTUsImVtYWlsIjoiMTU3MDgzNjcyMTFAcXEuY3BtIn0.pXiQnUEsYpoDh9tpFyerANJtNLl7OJeYS9cSs0Kcy2c"}
2019-12-24 22:07:36 method: cases.BaseCase.assertResponseData_aroundBody0(BaseCase.java:163) - [ INFO ]----实际值：15204144473 | 期望值：[{"value":"${toBeRegisterUsername}","expression":"$.username"}]断言结果：false
2019-12-24 22:07:36 method: cases.BaseCase.test(BaseCase.java:86) - [ INFO ]----响应断言：false
2019-12-24 22:07:36 method: cases.BaseCase.test(BaseCase.java:100) - [ INFO ]----结果断言：Fail
2019-12-24 22:07:36 method: cases.BaseCase.test(BaseCase.java:54) - [ INFO ]----======================参数化替换======================http://api.keyou.site:8000/user/register/
2019-12-24 22:07:36 method: cases.BaseCase.test(BaseCase.java:57) - [ INFO ]----替换后的参数：{"username":"zhang23jibo@95+","email":"121221221@qq.com","password":"12345678","password_confirm":"12345678"}
2019-12-24 22:07:36 method: cases.BaseCase.test(BaseCase.java:58) - [ INFO ]----sql校验：null
2019-12-24 22:07:36 method: utils.HttpUtils.testPostJson(HttpUtils.java:225) - [ INFO ]----token：eyJ0eXAiOiJKV1QiLCJhbGciOiJIUzI1NiJ9.eyJ1c2VyX2lkIjozNzcsInVzZXJuYW1lIjoiMTUyMDQxNDQ0NzMiLCJleHAiOjE1NzcyODI4NTUsImVtYWlsIjoiMTU3MDgzNjcyMTFAcXEuY3BtIn0.pXiQnUEsYpoDh9tpFyerANJtNLl7OJeYS9cSs0Kcy2c
2019-12-24 22:07:36 method: utils.HttpUtils.testPostJson(HttpUtils.java:250) - [ INFO ]----请求头：[Server: nginx/1.16.1, Date: Tue, 24 Dec 2019 14:07:36 GMT, Content-Type: application/json, Content-Length: 90, Connection: keep-alive, Vary: Accept, Origin, Allow: POST, OPTIONS, X-Frame-Options: SAMEORIGIN]
2019-12-24 22:07:36 method: utils.HttpUtils.testPostJson(HttpUtils.java:251) - [ INFO ]----请求参数：{"username":"zhang23jibo@95+","email":"121221221@qq.com","password":"12345678","password_confirm":"12345678"}
2019-12-24 22:07:36 method: utils.HttpUtils.testPostJson(HttpUtils.java:252) - [ INFO ]----状态码：400
2019-12-24 22:07:36 method: utils.HttpUtils.testPostJson(HttpUtils.java:253) - [ INFO ]----响应体：{"username":["已存在一位使用该名字的用户。"],"email":["此邮箱已注册"]}
2019-12-24 22:07:36 method: cases.BaseCase.test(BaseCase.java:86) - [ INFO ]----响应断言：true
2019-12-24 22:07:36 method: cases.BaseCase.test(BaseCase.java:100) - [ INFO ]----结果断言：Pass
2019-12-24 22:07:36 method: cases.BaseCase.test(BaseCase.java:54) - [ INFO ]----======================参数化替换======================http://api.keyou.site:8000/user/register/
2019-12-24 22:07:36 method: cases.BaseCase.test(BaseCase.java:57) - [ INFO ]----替换后的参数：{"username":"zha23ng23jibo@95+","email":"121221221@qq.com","password":"12345678","password_confirm":"12345678"}
2019-12-24 22:07:36 method: cases.BaseCase.test(BaseCase.java:58) - [ INFO ]----sql校验：null
2019-12-24 22:07:36 method: utils.HttpUtils.testPostJson(HttpUtils.java:225) - [ INFO ]----token：eyJ0eXAiOiJKV1QiLCJhbGciOiJIUzI1NiJ9.eyJ1c2VyX2lkIjozNzcsInVzZXJuYW1lIjoiMTUyMDQxNDQ0NzMiLCJleHAiOjE1NzcyODI4NTUsImVtYWlsIjoiMTU3MDgzNjcyMTFAcXEuY3BtIn0.pXiQnUEsYpoDh9tpFyerANJtNLl7OJeYS9cSs0Kcy2c
2019-12-24 22:07:36 method: utils.HttpUtils.testPostJson(HttpUtils.java:250) - [ INFO ]----请求头：[Server: nginx/1.16.1, Date: Tue, 24 Dec 2019 14:07:36 GMT, Content-Type: application/json, Content-Length: 32, Connection: keep-alive, Vary: Accept, Origin, Allow: POST, OPTIONS, X-Frame-Options: SAMEORIGIN]
2019-12-24 22:07:36 method: utils.HttpUtils.testPostJson(HttpUtils.java:251) - [ INFO ]----请求参数：{"username":"zha23ng23jibo@95+","email":"121221221@qq.com","password":"12345678","password_confirm":"12345678"}
2019-12-24 22:07:36 method: utils.HttpUtils.testPostJson(HttpUtils.java:252) - [ INFO ]----状态码：400
2019-12-24 22:07:36 method: utils.HttpUtils.testPostJson(HttpUtils.java:253) - [ INFO ]----响应体：{"email":["此邮箱已注册"]}
2019-12-24 22:07:36 method: cases.BaseCase.test(BaseCase.java:86) - [ INFO ]----响应断言：true
2019-12-24 22:07:36 method: cases.BaseCase.test(BaseCase.java:100) - [ INFO ]----结果断言：Pass
2019-12-24 22:07:36 method: cases.BaseCase.test(BaseCase.java:54) - [ INFO ]----======================参数化替换======================http://api.keyou.site:8000/user/register/
2019-12-24 22:07:36 method: cases.BaseCase.test(BaseCase.java:57) - [ INFO ]----替换后的参数：{"username":"zha23ng23jibo@953+","email":"12121221221@qq.com","password":"12345678","password_confirm":"123245678"}
2019-12-24 22:07:36 method: cases.BaseCase.test(BaseCase.java:58) - [ INFO ]----sql校验：null
2019-12-24 22:07:36 method: utils.HttpUtils.testPostJson(HttpUtils.java:225) - [ INFO ]----token：eyJ0eXAiOiJKV1QiLCJhbGciOiJIUzI1NiJ9.eyJ1c2VyX2lkIjozNzcsInVzZXJuYW1lIjoiMTUyMDQxNDQ0NzMiLCJleHAiOjE1NzcyODI4NTUsImVtYWlsIjoiMTU3MDgzNjcyMTFAcXEuY3BtIn0.pXiQnUEsYpoDh9tpFyerANJtNLl7OJeYS9cSs0Kcy2c
2019-12-24 22:07:36 method: utils.HttpUtils.testPostJson(HttpUtils.java:250) - [ INFO ]----请求头：[Server: nginx/1.16.1, Date: Tue, 24 Dec 2019 14:07:36 GMT, Content-Type: application/json, Content-Length: 52, Connection: keep-alive, Vary: Accept, Origin, Allow: POST, OPTIONS, X-Frame-Options: SAMEORIGIN]
2019-12-24 22:07:36 method: utils.HttpUtils.testPostJson(HttpUtils.java:251) - [ INFO ]----请求参数：{"username":"zha23ng23jibo@953+","email":"12121221221@qq.com","password":"12345678","password_confirm":"123245678"}
2019-12-24 22:07:36 method: utils.HttpUtils.testPostJson(HttpUtils.java:252) - [ INFO ]----状态码：400
2019-12-24 22:07:36 method: utils.HttpUtils.testPostJson(HttpUtils.java:253) - [ INFO ]----响应体：{"non_field_errors":["两次输入密码不正确"]}
2019-12-24 22:07:36 method: cases.BaseCase.test(BaseCase.java:86) - [ INFO ]----响应断言：true
2019-12-24 22:07:36 method: cases.BaseCase.test(BaseCase.java:100) - [ INFO ]----结果断言：Pass
2019-12-24 22:07:36 method: cases.BaseCase.test(BaseCase.java:54) - [ INFO ]----======================参数化替换======================http://api.keyou.site:8000/user/register/
2019-12-24 22:07:36 method: cases.BaseCase.test(BaseCase.java:57) - [ INFO ]----替换后的参数：{"username":"","email":"","password":"","password_confirm":""}
2019-12-24 22:07:36 method: cases.BaseCase.test(BaseCase.java:58) - [ INFO ]----sql校验：null
2019-12-24 22:07:36 method: utils.HttpUtils.testPostJson(HttpUtils.java:225) - [ INFO ]----token：eyJ0eXAiOiJKV1QiLCJhbGciOiJIUzI1NiJ9.eyJ1c2VyX2lkIjozNzcsInVzZXJuYW1lIjoiMTUyMDQxNDQ0NzMiLCJleHAiOjE1NzcyODI4NTUsImVtYWlsIjoiMTU3MDgzNjcyMTFAcXEuY3BtIn0.pXiQnUEsYpoDh9tpFyerANJtNLl7OJeYS9cSs0Kcy2c
2019-12-24 22:07:36 method: utils.HttpUtils.testPostJson(HttpUtils.java:250) - [ INFO ]----请求头：[Server: nginx/1.16.1, Date: Tue, 24 Dec 2019 14:07:36 GMT, Content-Type: application/json, Content-Length: 129, Connection: keep-alive, Vary: Accept, Origin, Allow: POST, OPTIONS, X-Frame-Options: SAMEORIGIN]
2019-12-24 22:07:36 method: utils.HttpUtils.testPostJson(HttpUtils.java:251) - [ INFO ]----请求参数：{"username":"","email":"","password":"","password_confirm":""}
2019-12-24 22:07:36 method: utils.HttpUtils.testPostJson(HttpUtils.java:252) - [ INFO ]----状态码：400
2019-12-24 22:07:36 method: utils.HttpUtils.testPostJson(HttpUtils.java:253) - [ INFO ]----响应体：{"username":["该字段不能为空。"],"password":["该字段不能为空。"],"password_confirm":["该字段不能为空。"]}
2019-12-24 22:07:36 method: cases.BaseCase.test(BaseCase.java:86) - [ INFO ]----响应断言：true
2019-12-24 22:07:36 method: cases.BaseCase.test(BaseCase.java:100) - [ INFO ]----结果断言：Pass
2019-12-24 22:07:36 method: cases.BaseCase.test(BaseCase.java:54) - [ INFO ]----======================参数化替换======================http://api.keyou.site:8000/user/register/
2019-12-24 22:07:36 method: cases.BaseCase.test(BaseCase.java:57) - [ INFO ]----替换后的参数：{"username":"zhang23jibo@945+","email":"1223122121@qq.com","password":"12345678","password_confirm":"12345678"}
2019-12-24 22:07:36 method: cases.BaseCase.test(BaseCase.java:58) - [ INFO ]----sql校验：null
2019-12-24 22:07:36 method: utils.HttpUtils.testPostJson(HttpUtils.java:225) - [ INFO ]----token：eyJ0eXAiOiJKV1QiLCJhbGciOiJIUzI1NiJ9.eyJ1c2VyX2lkIjozNzcsInVzZXJuYW1lIjoiMTUyMDQxNDQ0NzMiLCJleHAiOjE1NzcyODI4NTUsImVtYWlsIjoiMTU3MDgzNjcyMTFAcXEuY3BtIn0.pXiQnUEsYpoDh9tpFyerANJtNLl7OJeYS9cSs0Kcy2c
2019-12-24 22:07:36 method: utils.HttpUtils.testPostJson(HttpUtils.java:250) - [ INFO ]----请求头：[Server: nginx/1.16.1, Date: Tue, 24 Dec 2019 14:07:36 GMT, Content-Type: application/json, Content-Length: 90, Connection: keep-alive, Vary: Accept, Origin, Allow: POST, OPTIONS, X-Frame-Options: SAMEORIGIN]
2019-12-24 22:07:36 method: utils.HttpUtils.testPostJson(HttpUtils.java:251) - [ INFO ]----请求参数：{"username":"zhang23jibo@945+","email":"1223122121@qq.com","password":"12345678","password_confirm":"12345678"}
2019-12-24 22:07:36 method: utils.HttpUtils.testPostJson(HttpUtils.java:252) - [ INFO ]----状态码：400
2019-12-24 22:07:36 method: utils.HttpUtils.testPostJson(HttpUtils.java:253) - [ INFO ]----响应体：{"username":["已存在一位使用该名字的用户。"],"email":["此邮箱已注册"]}
2019-12-24 22:07:36 method: cases.BaseCase.test(BaseCase.java:86) - [ INFO ]----响应断言：true
2019-12-24 22:07:36 method: cases.BaseCase.test(BaseCase.java:100) - [ INFO ]----结果断言：Pass
2019-12-24 22:07:36 method: cases.BaseCase.test(BaseCase.java:54) - [ INFO ]----======================参数化替换======================http://api.keyou.site:8000/user/login/
2019-12-24 22:07:36 method: cases.BaseCase.test(BaseCase.java:57) - [ INFO ]----替换后的参数：{"username":"121211@qq","email":"121211212@qq","password":"","password_confirm":""}
2019-12-24 22:07:36 method: cases.BaseCase.test(BaseCase.java:58) - [ INFO ]----sql校验：null
2019-12-24 22:07:36 method: utils.HttpUtils.testPostJson(HttpUtils.java:225) - [ INFO ]----token：eyJ0eXAiOiJKV1QiLCJhbGciOiJIUzI1NiJ9.eyJ1c2VyX2lkIjozNzcsInVzZXJuYW1lIjoiMTUyMDQxNDQ0NzMiLCJleHAiOjE1NzcyODI4NTUsImVtYWlsIjoiMTU3MDgzNjcyMTFAcXEuY3BtIn0.pXiQnUEsYpoDh9tpFyerANJtNLl7OJeYS9cSs0Kcy2c
2019-12-24 22:07:36 method: utils.HttpUtils.testPostJson(HttpUtils.java:250) - [ INFO ]----请求头：[Server: nginx/1.16.1, Date: Tue, 24 Dec 2019 14:07:36 GMT, Content-Type: application/json, Content-Length: 41, Connection: keep-alive, Vary: Accept, Origin, Allow: POST, OPTIONS, X-Frame-Options: SAMEORIGIN]
2019-12-24 22:07:36 method: utils.HttpUtils.testPostJson(HttpUtils.java:251) - [ INFO ]----请求参数：{"username":"121211@qq","email":"121211212@qq","password":"","password_confirm":""}
2019-12-24 22:07:36 method: utils.HttpUtils.testPostJson(HttpUtils.java:252) - [ INFO ]----状态码：400
2019-12-24 22:07:36 method: utils.HttpUtils.testPostJson(HttpUtils.java:253) - [ INFO ]----响应体：{"password":["该字段不能为空。"]}
2019-12-24 22:07:36 method: cases.BaseCase.test(BaseCase.java:86) - [ INFO ]----响应断言：true
2019-12-24 22:07:36 method: cases.BaseCase.test(BaseCase.java:100) - [ INFO ]----结果断言：Pass
2019-12-24 22:07:36 method: cases.BaseCase.test(BaseCase.java:54) - [ INFO ]----======================参数化替换======================http://api.keyou.site:8000/user/login/
2019-12-24 22:07:36 method: cases.BaseCase.test(BaseCase.java:57) - [ INFO ]----替换后的参数：{"username":"","email":"121211213@qq","password":"12345678","password_confirm":"12345678"}
2019-12-24 22:07:36 method: cases.BaseCase.test(BaseCase.java:58) - [ INFO ]----sql校验：null
2019-12-24 22:07:36 method: utils.HttpUtils.testPostJson(HttpUtils.java:225) - [ INFO ]----token：eyJ0eXAiOiJKV1QiLCJhbGciOiJIUzI1NiJ9.eyJ1c2VyX2lkIjozNzcsInVzZXJuYW1lIjoiMTUyMDQxNDQ0NzMiLCJleHAiOjE1NzcyODI4NTUsImVtYWlsIjoiMTU3MDgzNjcyMTFAcXEuY3BtIn0.pXiQnUEsYpoDh9tpFyerANJtNLl7OJeYS9cSs0Kcy2c
2019-12-24 22:07:36 method: utils.HttpUtils.testPostJson(HttpUtils.java:250) - [ INFO ]----请求头：[Server: nginx/1.16.1, Date: Tue, 24 Dec 2019 14:07:36 GMT, Content-Type: application/json, Content-Length: 41, Connection: keep-alive, Vary: Accept, Origin, Allow: POST, OPTIONS, X-Frame-Options: SAMEORIGIN]
2019-12-24 22:07:36 method: utils.HttpUtils.testPostJson(HttpUtils.java:251) - [ INFO ]----请求参数：{"username":"","email":"121211213@qq","password":"12345678","password_confirm":"12345678"}
2019-12-24 22:07:36 method: utils.HttpUtils.testPostJson(HttpUtils.java:252) - [ INFO ]----状态码：400
2019-12-24 22:07:36 method: utils.HttpUtils.testPostJson(HttpUtils.java:253) - [ INFO ]----响应体：{"username":["该字段不能为空。"]}
2019-12-24 22:07:36 method: cases.BaseCase.test(BaseCase.java:86) - [ INFO ]----响应断言：true
2019-12-24 22:07:36 method: cases.BaseCase.test(BaseCase.java:100) - [ INFO ]----结果断言：Pass
2019-12-24 22:07:36 method: cases.BaseCase.test(BaseCase.java:54) - [ INFO ]----======================参数化替换======================http://api.keyou.site:8000/user/login/
2019-12-24 22:07:36 method: cases.BaseCase.test(BaseCase.java:57) - [ INFO ]----替换后的参数：{"username":"zhang55555555555555jibo@95+","password":"12345678"}
2019-12-24 22:07:36 method: cases.BaseCase.test(BaseCase.java:58) - [ INFO ]----sql校验：null
2019-12-24 22:07:36 method: utils.HttpUtils.testPostJson(HttpUtils.java:225) - [ INFO ]----token：eyJ0eXAiOiJKV1QiLCJhbGciOiJIUzI1NiJ9.eyJ1c2VyX2lkIjozNzcsInVzZXJuYW1lIjoiMTUyMDQxNDQ0NzMiLCJleHAiOjE1NzcyODI4NTUsImVtYWlsIjoiMTU3MDgzNjcyMTFAcXEuY3BtIn0.pXiQnUEsYpoDh9tpFyerANJtNLl7OJeYS9cSs0Kcy2c
2019-12-24 22:07:36 method: utils.HttpUtils.testPostJson(HttpUtils.java:250) - [ INFO ]----请求头：[Server: nginx/1.16.1, Date: Tue, 24 Dec 2019 14:07:36 GMT, Content-Type: application/json, Content-Length: 67, Connection: keep-alive, Vary: Accept, Origin, Allow: POST, OPTIONS, X-Frame-Options: SAMEORIGIN]
2019-12-24 22:07:36 method: utils.HttpUtils.testPostJson(HttpUtils.java:251) - [ INFO ]----请求参数：{"username":"zhang55555555555555jibo@95+","password":"12345678"}
2019-12-24 22:07:36 method: utils.HttpUtils.testPostJson(HttpUtils.java:252) - [ INFO ]----状态码：400
2019-12-24 22:07:36 method: utils.HttpUtils.testPostJson(HttpUtils.java:253) - [ INFO ]----响应体：{"non_field_errors":["无法使用提供的认证信息登录。"]}
2019-12-24 22:07:36 method: cases.BaseCase.test(BaseCase.java:86) - [ INFO ]----响应断言：true
2019-12-24 22:07:36 method: cases.BaseCase.test(BaseCase.java:100) - [ INFO ]----结果断言：Pass
2019-12-24 22:07:36 method: cases.BaseCase.test(BaseCase.java:54) - [ INFO ]----======================参数化替换======================http://api.keyou.site:8000/user/login/
2019-12-24 22:07:36 method: cases.BaseCase.test(BaseCase.java:57) - [ INFO ]----替换后的参数：{"username":"zhangjibo@95+","password":"12345678"}
2019-12-24 22:07:36 method: cases.BaseCase.test(BaseCase.java:58) - [ INFO ]----sql校验：null
2019-12-24 22:07:36 method: utils.HttpUtils.testPostJson(HttpUtils.java:225) - [ INFO ]----token：eyJ0eXAiOiJKV1QiLCJhbGciOiJIUzI1NiJ9.eyJ1c2VyX2lkIjozNzcsInVzZXJuYW1lIjoiMTUyMDQxNDQ0NzMiLCJleHAiOjE1NzcyODI4NTUsImVtYWlsIjoiMTU3MDgzNjcyMTFAcXEuY3BtIn0.pXiQnUEsYpoDh9tpFyerANJtNLl7OJeYS9cSs0Kcy2c
2019-12-24 22:07:37 method: utils.HttpUtils.testPostJson(HttpUtils.java:250) - [ INFO ]----请求头：[Server: nginx/1.16.1, Date: Tue, 24 Dec 2019 14:07:37 GMT, Content-Type: application/json, Content-Length: 246, Connection: keep-alive, Vary: Accept, Origin, Allow: POST, OPTIONS, X-Frame-Options: SAMEORIGIN]
2019-12-24 22:07:37 method: utils.HttpUtils.testPostJson(HttpUtils.java:251) - [ INFO ]----请求参数：{"username":"zhangjibo@95+","password":"12345678"}
2019-12-24 22:07:37 method: utils.HttpUtils.testPostJson(HttpUtils.java:252) - [ INFO ]----状态码：200
2019-12-24 22:07:37 method: utils.HttpUtils.testPostJson(HttpUtils.java:253) - [ INFO ]----响应体：{"token":"eyJ0eXAiOiJKV1QiLCJhbGciOiJIUzI1NiJ9.eyJ1c2VyX2lkIjoyNjIsInVzZXJuYW1lIjoiemhhbmdqaWJvQDk1KyIsImV4cCI6MTU3NzI4Mjg1NywiZW1haWwiOiIxMjEyMTIxQHFxLmNvbSJ9.hPRJcP4YSSCm_2yEMZilp5DS6sdkGY9jZh0rFFj2O6E","user_id":262,"username":"zhangjibo@95+"}
2019-12-24 22:07:37 method: cases.BaseCase.assertResponseData_aroundBody0(BaseCase.java:163) - [ INFO ]----实际值：262 | 期望值：[{"value":262,"expression":"$.user_id"},{"value":"zhangjibo@95+","expression":"$.username"}]断言结果：true
2019-12-24 22:07:37 method: cases.BaseCase.assertResponseData_aroundBody0(BaseCase.java:163) - [ INFO ]----实际值：zhangjibo@95+ | 期望值：[{"value":262,"expression":"$.user_id"},{"value":"zhangjibo@95+","expression":"$.username"}]断言结果：true
2019-12-24 22:07:37 method: cases.BaseCase.test(BaseCase.java:86) - [ INFO ]----响应断言：true
2019-12-24 22:07:37 method: cases.BaseCase.test(BaseCase.java:100) - [ INFO ]----结果断言：Pass
2019-12-24 22:07:37 method: cases.BaseCase.test(BaseCase.java:54) - [ INFO ]----======================参数化替换======================http://api.keyou.site:8000/user/login/
2019-12-24 22:07:37 method: cases.BaseCase.test(BaseCase.java:57) - [ INFO ]----替换后的参数：{"username":"zhangjibo@95+","password":"12  dd"}
2019-12-24 22:07:37 method: cases.BaseCase.test(BaseCase.java:58) - [ INFO ]----sql校验：null
2019-12-24 22:07:37 method: utils.HttpUtils.testPostJson(HttpUtils.java:225) - [ INFO ]----token：eyJ0eXAiOiJKV1QiLCJhbGciOiJIUzI1NiJ9.eyJ1c2VyX2lkIjoyNjIsInVzZXJuYW1lIjoiemhhbmdqaWJvQDk1KyIsImV4cCI6MTU3NzI4Mjg1NywiZW1haWwiOiIxMjEyMTIxQHFxLmNvbSJ9.hPRJcP4YSSCm_2yEMZilp5DS6sdkGY9jZh0rFFj2O6E
2019-12-24 22:07:37 method: utils.HttpUtils.testPostJson(HttpUtils.java:250) - [ INFO ]----请求头：[Server: nginx/1.16.1, Date: Tue, 24 Dec 2019 14:07:37 GMT, Content-Type: application/json, Content-Length: 67, Connection: keep-alive, Vary: Accept, Origin, Allow: POST, OPTIONS, X-Frame-Options: SAMEORIGIN]
2019-12-24 22:07:37 method: utils.HttpUtils.testPostJson(HttpUtils.java:251) - [ INFO ]----请求参数：{"username":"zhangjibo@95+","password":"12  dd"}
2019-12-24 22:07:37 method: utils.HttpUtils.testPostJson(HttpUtils.java:252) - [ INFO ]----状态码：400
2019-12-24 22:07:37 method: utils.HttpUtils.testPostJson(HttpUtils.java:253) - [ INFO ]----响应体：{"non_field_errors":["无法使用提供的认证信息登录。"]}
2019-12-24 22:07:37 method: cases.BaseCase.test(BaseCase.java:86) - [ INFO ]----响应断言：true
2019-12-24 22:07:37 method: cases.BaseCase.test(BaseCase.java:100) - [ INFO ]----结果断言：Pass
2019-12-24 22:07:37 method: cases.BaseCase.test(BaseCase.java:54) - [ INFO ]----======================参数化替换======================http://api.keyou.site:8000/configures/?page=1&size=50&ordering=1
2019-12-24 22:07:37 method: cases.BaseCase.test(BaseCase.java:57) - [ INFO ]----替换后的参数：null
2019-12-24 22:07:37 method: cases.BaseCase.test(BaseCase.java:58) - [ INFO ]----sql校验：null
2019-12-24 22:07:37 method: utils.HttpUtils.testGet(HttpUtils.java:70) - [ INFO ]----token：eyJ0eXAiOiJKV1QiLCJhbGciOiJIUzI1NiJ9.eyJ1c2VyX2lkIjoyNjIsInVzZXJuYW1lIjoiemhhbmdqaWJvQDk1KyIsImV4cCI6MTU3NzI4Mjg1NywiZW1haWwiOiIxMjEyMTIxQHFxLmNvbSJ9.hPRJcP4YSSCm_2yEMZilp5DS6sdkGY9jZh0rFFj2O6E
2019-12-24 22:07:37 method: utils.HttpUtils.testGet(HttpUtils.java:96) - [ INFO ]----请求头：[Server: nginx/1.16.1, Date: Tue, 24 Dec 2019 14:07:37 GMT, Content-Type: application/json, Content-Length: 480, Connection: keep-alive, Vary: Accept, Origin, Allow: GET, POST, HEAD, OPTIONS, X-Frame-Options: SAMEORIGIN]
2019-12-24 22:07:37 method: utils.HttpUtils.testGet(HttpUtils.java:97) - [ INFO ]----状态码：200
2019-12-24 22:07:37 method: utils.HttpUtils.testGet(HttpUtils.java:98) - [ INFO ]----响应体：{"count":2,"next":null,"previous":null,"results":[{"id":1,"name":"登录接口配置_自动化测试平台项目","interface":{"name":"登录接口_自动化测试平台项目","project":"自动化测试平台项目"},"author":"柠檬小姐姐"},{"id":2,"name":"查询项目列表配置_前程贷项目","interface":{"name":"查看项目列表接口_前程贷P2P金融项目","project":"前程贷P2P金融项目"},"author":"柠檬小姐姐"}],"total_pages":1,"current_page_num":1}
2019-12-24 22:07:37 method: cases.BaseCase.assertResponseData_aroundBody0(BaseCase.java:163) - [ INFO ]----实际值：登录接口配置_自动化测试平台项目 | 期望值：[{"value":"登录接口配置_自动化测试平台项目","expression":"$.results[0].name"}]断言结果：true
2019-12-24 22:07:37 method: cases.BaseCase.test(BaseCase.java:86) - [ INFO ]----响应断言：true
2019-12-24 22:07:37 method: cases.BaseCase.test(BaseCase.java:100) - [ INFO ]----结果断言：Pass
2019-12-24 22:07:37 method: cases.BaseCase.test(BaseCase.java:54) - [ INFO ]----======================参数化替换======================http://api.keyou.site:8000/projects/?page=1&size=50&ordering=1
2019-12-24 22:07:37 method: cases.BaseCase.test(BaseCase.java:57) - [ INFO ]----替换后的参数：null
2019-12-24 22:07:37 method: cases.BaseCase.test(BaseCase.java:58) - [ INFO ]----sql校验：null
2019-12-24 22:07:37 method: utils.HttpUtils.testGet(HttpUtils.java:70) - [ INFO ]----token：eyJ0eXAiOiJKV1QiLCJhbGciOiJIUzI1NiJ9.eyJ1c2VyX2lkIjoyNjIsInVzZXJuYW1lIjoiemhhbmdqaWJvQDk1KyIsImV4cCI6MTU3NzI4Mjg1NywiZW1haWwiOiIxMjEyMTIxQHFxLmNvbSJ9.hPRJcP4YSSCm_2yEMZilp5DS6sdkGY9jZh0rFFj2O6E
2019-12-24 22:07:37 method: utils.HttpUtils.testGet(HttpUtils.java:96) - [ INFO ]----请求头：[Server: nginx/1.16.1, Date: Tue, 24 Dec 2019 14:07:37 GMT, Content-Type: application/json, Content-Length: 12201, Connection: keep-alive, Vary: Accept, Origin, Allow: GET, POST, HEAD, OPTIONS, X-Frame-Options: SAMEORIGIN]
2019-12-24 22:07:37 method: utils.HttpUtils.testGet(HttpUtils.java:97) - [ INFO ]----状态码：200
2019-12-24 22:07:37 method: utils.HttpUtils.testGet(HttpUtils.java:98) - [ INFO ]----响应体：{"count":108,"next":"http://api.keyou.site:8000/projects/?ordering=1&page=2&size=50","previous":null,"results":[{"id":1,"create_time":"2019-11-06 14:21:19","name":"自动化测试平台项目","leader":"可可","tester":"优优","programmer":"可优","publish_app":"自动化测试平台应用","desc":"该平台当前主要用于接口自动化测试.","interfaces":5,"testsuits":1,"testcases":5,"configures":2},{"id":2,"create_time":"2019-11-06 14:22:54","name":"前程贷P2P金融项目","leader":"可优","tester":"小可可","programmer":"小优优","publish_app":"前程贷P2P金融应用","desc":"","interfaces":3,"testsuits":1,"testcases":1,"configures":1},{"id":3,"create_time":"2019-11-06 14:24:43","name":"西天取经项目","leader":"唐僧","tester":"猪八戒","programmer":"孙悟空","publish_app":"修成正果应用","desc":"妖怪哪里跑?","interfaces":0,"testsuits":0,"testcases":0,"configures":0},{"id":4,"create_time":"2019-11-06 14:27:33","name":"红楼梦项目","leader":"曹雪芹","tester":"贾宝玉","programmer":"王熙凤","publish_app":"红楼梦研究应用","desc":"如花美眷，怎敌似水流年。","interfaces":0,"testsuits":0,"testcases":0,"configures":0},{"id":5,"create_time":"2019-11-06 14:28:54","name":"水浒传项目","leader":"施耐庵","tester":"宋江","programmer":"武松","publish_app":"水浒传研究应用","desc":"有缘千里来相会，无缘对面不相逢。","interfaces":0,"testsuits":0,"testcases":0,"configures":0},{"id":6,"create_time":"2019-11-06 14:30:42","name":"三国演义项目","leader":"吴承恩","tester":"刘备","programmer":"关羽","publish_app":"三国演义应用","desc":"念刘备、关羽、张飞，虽然异姓，既结为兄弟，则同心协力，救困扶危；上报国家，下安黎庶。不求同年同月同日生，只愿同年同月同日死。皇天后土，实鉴此心，背义忘恩，天人共戮！","interfaces":0,"testsuits":0,"testcases":0,"configures":0},{"id":8,"create_time":"2019-11-06 14:41:12","name":"项目1","leader":"某人","tester":"某人","programmer":"某人","publish_app":"某应用","desc":"某某描述","interfaces":0,"testsuits":0,"testcases":0,"configures":0},{"id":9,"create_time":"2019-11-06 14:42:00","name":"项目2","leader":"某人","tester":"某人","programmer":"某人","publish_app":"某应用","desc":"某某描述","interfaces":0,"testsuits":0,"testcases":0,"configures":0},{"id":10,"create_time":"2019-11-06 14:42:19","name":"项目3","leader":"某人","tester":"某人","programmer":"某人","publish_app":"某应用","desc":"某某描述","interfaces":0,"testsuits":0,"testcases":0,"configures":0},{"id":11,"create_time":"2019-11-06 14:42:40","name":"项目4","leader":"某人","tester":"某人","programmer":"某人","publish_app":"某应用","desc":"某某描述","interfaces":0,"testsuits":0,"testcases":0,"configures":0},{"id":12,"create_time":"2019-11-06 15:23:44","name":"项目5","leader":"某人","tester":"某人","programmer":"某人","publish_app":"某某应用","desc":"","interfaces":0,"testsuits":0,"testcases":0,"configures":0},{"id":13,"create_time":"2019-11-06 15:26:12","name":"项目6","leader":"某人","tester":"某人","programmer":"某人","publish_app":"某应用","desc":"","interfaces":0,"testsuits":0,"testcases":0,"configures":0},{"id":14,"create_time":"2019-11-06 16:47:57","name":"这是一个跨时代的1049项目","leader":"可优","tester":"柠檬小姐姐","programmer":"优优","publish_app":"国产大飞机C919研制应用","desc":"此项目会提升民族自信心","interfaces":0,"testsuits":0,"testcases":0,"configures":0},{"id":15,"create_time":"2019-11-06 17:05:50","name":"这是一个跨时代的3255项目","leader":"可优","tester":"可可","programmer":"优优","publish_app":"国产大飞机C919研制应用","desc":"此项目会提升民族自信心","interfaces":0,"testsuits":0,"testcases":0,"configures":0},{"id":16,"create_time":"2019-11-06 17:11:56","name":"这是一个跨时代的7250项目","leader":"可优","tester":"可可","programmer":"优优","publish_app":"国产大飞机C919研制应用","desc":"此项目会提升民族自信心","interfaces":0,"testsuits":0,"testcases":0,"configures":0},{"id":17,"create_time":"2019-11-06 17:13:34","name":"这是一个跨时代的347项目","leader":"可优","tester":"可可","programmer":"优优","publish_app":"国产大飞机C919研制应用","desc":"此项目会提升民族自信心","interfaces":0,"testsuits":0,"testcases":0,"configures":0},{"id":18,"create_time":"2019-11-06 17:13:35","name":"这是一个跨时代的6982项目","leader":"可优","tester":"柠檬小姐姐","programmer":"优优","publish_app":"国产大飞机C919研制应用","desc":"此项目会提升民族自信心","interfaces":0,"testsuits":0,"testcases":0,"configures":0},{"id":20,"create_time":"2019-12-20 13:14:46","name":"twg的第一个测试项目","leader":"tt","tester":"tt","programmer":"tt","publish_app":"ttt","desc":"","interfaces":0,"testsuits":0,"testcases":0,"configures":0},{"id":21,"create_time":"2019-12-20 15:59:59","name":"t","leader":"tt","tester":"tt","programmer":"tt","publish_app":"ttt","desc":"","interfaces":0,"testsuits":0,"testcases":0,"configures":0},{"id":22,"create_time":"2019-12-20 16:01:37","name":"ffffffffffffffffffffffffffffffffffffffffffffffffffffffffffffffffffff","leader":"t","tester":"t","programmer":"t","publish_app":"t","desc":"","interfaces":0,"testsuits":0,"testcases":0,"configures":0},{"id":23,"create_time":"2019-12-20 16:05:55","name":"t1","leader":"1","tester":"t","programmer":"t","publish_app":"t","desc":"","interfaces":0,"testsuits":0,"testcases":0,"configures":0},{"id":24,"create_time":"2019-12-21 14:26:46","name":"4YSdpQbgeMKI","leader":"H9NCl939r1UZP1p","tester":"5Jqe85Qmr95Wu4","programmer":"sITcqx5yp7h0Q","publish_app":"qXR2N7Dg183a698","desc":"","interfaces":0,"testsuits":0,"testcases":0,"configures":0},{"id":25,"create_time":"2019-12-21 14:26:46","name":"3iid6BKdJF8","leader":"3K1q3V57j3Cs","tester":"98gE5P5S","programmer":"h6c7fmKwUhDfMW","publish_app":"1M8N4vh1UVEK2","desc":"","interfaces":0,"testsuits":0,"testcases":0,"configures":0},{"id":26,"create_time":"2019-12-21 14:35:01","name":"BihmP49gk61e2fS","leader":"jR3fOgTFK","tester":"xMxCl21a","programmer":"f1Oi8jI857x","publish_app":"h5FCj49FtEf31","desc":"","interfaces":0,"testsuits":0,"testcases":0,"configures":0},{"id":27,"create_time":"2019-12-21 14:35:01","name":"55RqY5m15n446","leader":"2gSMSKO5f3","tester":"6vCnnf4r4veq","programmer":"3637PEB7UN0K92","publish_app":"gBS39VVH","desc":"","interfaces":0,"testsuits":0,"testcases":0,"configures":0},{"id":28,"create_time":"2019-12-21 14:37:05","name":"6sFJn53Jo","leader":"BReLfo2HIj7WB4","tester":"kGTg77spKQ4qfB8","programmer":"6DW401E4ErV0jo1","publish_app":"5PO58nd0g7zm7","desc":"","interfaces":0,"testsuits":0,"testcases":0,"configures":0},{"id":29,"create_time":"2019-12-21 14:46:23","name":"KujV8FP7CGX","leader":"Vu516nE4","tester":"Jd4S6jqgvM2oXGT","programmer":"m9xnbcxu3802as","publish_app":"rTT0PaPK1","desc":"","interfaces":0,"testsuits":0,"testcases":0,"configures":0},{"id":30,"create_time":"2019-12-21 14:49:38","name":"08SLYF0l7Q1fjv","leader":"238S092LTw5RdS","tester":"46fN231M3C","programmer":"XuFgSEkwl2vzv5","publish_app":"i71x7EL6aXh","desc":"","interfaces":0,"testsuits":0,"testcases":0,"configures":0},{"id":31,"create_time":"2019-12-21 14:52:31","name":"TihR69v8","leader":"4jglIEpDE","tester":"n07tK1JOl","programmer":"kgvcmLtup1","publish_app":"HYInpoG3m3","desc":"","interfaces":0,"testsuits":0,"testcases":0,"configures":0},{"id":32,"create_time":"2019-12-21 14:53:35","name":"0C19JTOxy","leader":"0rtP29gkx","tester":"D0nch4r9X739S9t","programmer":"2jbWhc1R8BrxA8","publish_app":"813Lee2WKHx","desc":"","interfaces":0,"testsuits":0,"testcases":0,"configures":0},{"id":33,"create_time":"2019-12-21 15:58:31","name":"?????","leader":"laji","tester":"lajiji","programmer":"five","publish_app":"switch","desc":"nothing","interfaces":0,"testsuits":0,"testcases":0,"configures":0},{"id":34,"create_time":"2019-12-22 09:25:07","name":"lyrell89","leader":"Tommy","tester":"Tinna","programmer":"Lyre","publish_app":"HightLight","desc":"add project","interfaces":0,"testsuits":0,"testcases":0,"configures":0},{"id":35,"create_time":"2019-12-22 10:57:23","name":"lyrell99","leader":"Tommy99","tester":"Tinna99","programmer":"Lyre99","publish_app":"HightLight99","desc":"add project99","interfaces":0,"testsuits":0,"testcases":0,"configures":0},{"id":36,"create_time":"2019-12-22 11:07:19","name":"lyrell00","leader":"Tommy00","tester":"Tinna00","programmer":"Lyre00","publish_app":"HightLight00","desc":"add project00","interfaces":0,"testsuits":0,"testcases":0,"configures":0},{"id":37,"create_time":"2019-12-22 13:42:28","name":"ke项目","leader":"cs_经理","tester":"test_测","programmer":"develop","publish_app":"华为商城","desc":"版本1","interfaces":0,"testsuits":0,"testcases":0,"configures":0},{"id":38,"create_time":"2019-12-22 16:03:13","name":"??????????","leader":"manager","tester":"lucy","programmer":"???????","publish_app":"version2.2","desc":"","interfaces":0,"testsuits":0,"testcases":0,"configures":0},{"id":39,"create_time":"2019-12-22 18:22:09","name":"PRACTICEPROJECT","leader":"manager","tester":"lucy","programmer":"baseinfo","publish_app":"version2.3","desc":"","interfaces":0,"testsuits":0,"testcases":0,"configures":0},{"id":40,"create_time":"2019-12-22 21:19:13","name":"大王叫我来巡山","leader":"wurui","tester":"wurui","programmer":"wurui","publish_app":"11","desc":"大王叫我来巡山","interfaces":0,"testsuits":0,"testcases":0,"configures":0},{"id":41,"create_time":"2019-12-22 21:59:08","name":"罗杰的项目","leader":"海贼王","tester":"山贼王","programmer":"地底王","publish_app":"ONE PIECE","desc":"大宝藏","interfaces":0,"testsuits":0,"testcases":0,"configures":0},{"id":42,"create_time":"2019-12-22 22:16:57","name":"exam","leader":"fhm","tester":"3","programmer":"2","publish_app":"10","desc":"xxx","interfaces":0,"testsuits":0,"testcases":0,"configures":0},{"id":43,"create_time":"2019-12-22 23:41:50","name":"柠檬鲜果","leader":"大柠檬","tester":"小柠檬","programmer":"酸柠檬","publish_app":"发布","desc":"","interfaces":0,"testsuits":0,"testcases":0,"configures":0},{"id":44,"create_time":"2019-12-22 23:49:58","name":"cc","leader":"cc","tester":"cc","programmer":"cc","publish_app":"ccAPP","desc":"cc is APP","interfaces":0,"testsuits":0,"testcases":0,"configures":0},{"id":45,"create_time":"2019-12-23 14:11:46","name":"某某某项目","leader":"李某某","tester":"张某某","programmer":"赵某某","publish_app":"快手APP","desc":"哈哈哈哈哈哈","interfaces":0,"testsuits":0,"testcases":0,"configures":0},{"id":46,"create_time":"2019-12-23 15:20:43","name":"ifiona","leader":"cc","tester":"test","programmer":"miaos","publish_app":"fabu","desc":"","interfaces":0,"testsuits":0,"testcases":0,"configures":0},{"id":47,"create_time":"2019-12-23 16:22:20","name":"123??","leader":"???","tester":"???","programmer":"???","publish_app":"koko","desc":"??????","interfaces":0,"testsuits":0,"testcases":0,"configures":0},{"id":48,"create_time":"2019-12-23 16:44:46","name":"1","leader":"2","tester":"3","programmer":"4","publish_app":"5","desc":"","interfaces":0,"testsuits":0,"testcases":0,"configures":0},{"id":49,"create_time":"2019-12-23 16:49:39","name":"12663??","leader":"???6","tester":"???6","programmer":"???6","publish_app":"kok6o","desc":"?????6?","interfaces":0,"testsuits":0,"testcases":0,"configures":0},{"id":50,"create_time":"2019-12-23 16:51:52","name":"126637??","leader":"???6","tester":"???6","programmer":"???6","publish_app":"kok6o","desc":"?????6?","interfaces":0,"testsuits":0,"testcases":0,"configures":0},{"id":51,"create_time":"2019-12-23 17:02:42","name":"2","leader":"3","tester":"4","programmer":"5","publish_app":"6","desc":"","interfaces":0,"testsuits":0,"testcases":0,"configures":0},{"id":52,"create_time":"2019-12-23 17:27:23","name":"12361??","leader":"???","tester":"???","programmer":"???","publish_app":"koko","desc":"??????","interfaces":0,"testsuits":0,"testcases":0,"configures":0}],"total_pages":3,"current_page_num":1}
2019-12-24 22:07:37 method: cases.BaseCase.assertResponseData_aroundBody0(BaseCase.java:163) - [ INFO ]----实际值：自动化测试平台项目 | 期望值：[{"value":"自动化测试平台项目","expression":"$.results[0].name"}]断言结果：true
2019-12-24 22:07:37 method: cases.BaseCase.test(BaseCase.java:86) - [ INFO ]----响应断言：true
2019-12-24 22:07:37 method: cases.BaseCase.test(BaseCase.java:100) - [ INFO ]----结果断言：Pass
2019-12-24 22:07:37 method: cases.BaseCase.test(BaseCase.java:54) - [ INFO ]----======================参数化替换======================http://api.keyou.site:8000/projects/
2019-12-24 22:07:37 method: cases.BaseCase.test(BaseCase.java:57) - [ INFO ]----替换后的参数：{"name":"柠檬15501885401","leader":"12122121@qq.com","tester":"12345678","programmer":"12345678","publish_app":"ios","desc":"这是测试信息"}
2019-12-24 22:07:37 method: cases.BaseCase.test(BaseCase.java:58) - [ INFO ]----sql校验：null
2019-12-24 22:07:37 method: utils.HttpUtils.testPostJson(HttpUtils.java:225) - [ INFO ]----token：eyJ0eXAiOiJKV1QiLCJhbGciOiJIUzI1NiJ9.eyJ1c2VyX2lkIjoyNjIsInVzZXJuYW1lIjoiemhhbmdqaWJvQDk1KyIsImV4cCI6MTU3NzI4Mjg1NywiZW1haWwiOiIxMjEyMTIxQHFxLmNvbSJ9.hPRJcP4YSSCm_2yEMZilp5DS6sdkGY9jZh0rFFj2O6E
2019-12-24 22:07:37 method: utils.HttpUtils.testPostJson(HttpUtils.java:250) - [ INFO ]----请求头：[Server: nginx/1.16.1, Date: Tue, 24 Dec 2019 14:07:37 GMT, Content-Type: application/json, Content-Length: 205, Connection: keep-alive, Vary: Accept, Origin, Allow: GET, POST, HEAD, OPTIONS, X-Frame-Options: SAMEORIGIN]
2019-12-24 22:07:37 method: utils.HttpUtils.testPostJson(HttpUtils.java:251) - [ INFO ]----请求参数：{"name":"柠檬15501885401","leader":"12122121@qq.com","tester":"12345678","programmer":"12345678","publish_app":"ios","desc":"这是测试信息"}
2019-12-24 22:07:37 method: utils.HttpUtils.testPostJson(HttpUtils.java:252) - [ INFO ]----状态码：201
2019-12-24 22:07:37 method: utils.HttpUtils.testPostJson(HttpUtils.java:253) - [ INFO ]----响应体：{"id":111,"create_time":"2019-12-24T22:07:37.641374+08:00","name":"柠檬15501885401","leader":"12122121@qq.com","tester":"12345678","programmer":"12345678","publish_app":"ios","desc":"这是测试信息"}
2019-12-24 22:07:37 method: cases.BaseCase.assertResponseData_aroundBody0(BaseCase.java:163) - [ INFO ]----实际值：12122121@qq.com | 期望值：[{"value":"12122121@qq.com","expression":"$.leader"}]断言结果：true
2019-12-24 22:07:37 method: cases.BaseCase.test(BaseCase.java:86) - [ INFO ]----响应断言：true
2019-12-24 22:07:37 method: cases.BaseCase.test(BaseCase.java:100) - [ INFO ]----结果断言：Pass
2019-12-24 22:07:37 method: cases.BaseCase.test(BaseCase.java:54) - [ INFO ]----======================参数化替换======================http://api.keyou.site:8000/projects/
2019-12-24 22:07:37 method: cases.BaseCase.test(BaseCase.java:57) - [ INFO ]----替换后的参数：{"name":"柠檬15800854186","leader":"12122121@qq.com","tester":"12345678","programmer":"12345679","publish_app":"ios","desc":"这是测试信息"}
2019-12-24 22:07:37 method: cases.BaseCase.test(BaseCase.java:58) - [ INFO ]----sql校验：null
2019-12-24 22:07:37 method: utils.HttpUtils.testPostJson(HttpUtils.java:225) - [ INFO ]----token：eyJ0eXAiOiJKV1QiLCJhbGciOiJIUzI1NiJ9.eyJ1c2VyX2lkIjoyNjIsInVzZXJuYW1lIjoiemhhbmdqaWJvQDk1KyIsImV4cCI6MTU3NzI4Mjg1NywiZW1haWwiOiIxMjEyMTIxQHFxLmNvbSJ9.hPRJcP4YSSCm_2yEMZilp5DS6sdkGY9jZh0rFFj2O6E
2019-12-24 22:07:37 method: utils.HttpUtils.testPostJson(HttpUtils.java:250) - [ INFO ]----请求头：[Server: nginx/1.16.1, Date: Tue, 24 Dec 2019 14:07:37 GMT, Content-Type: application/json, Content-Length: 62, Connection: keep-alive, Vary: Accept, Origin, Allow: GET, POST, HEAD, OPTIONS, X-Frame-Options: SAMEORIGIN]
2019-12-24 22:07:37 method: utils.HttpUtils.testPostJson(HttpUtils.java:251) - [ INFO ]----请求参数：{"name":"柠檬15800854186","leader":"12122121@qq.com","tester":"12345678","programmer":"12345679","publish_app":"ios","desc":"这是测试信息"}
2019-12-24 22:07:37 method: utils.HttpUtils.testPostJson(HttpUtils.java:252) - [ INFO ]----状态码：400
2019-12-24 22:07:37 method: utils.HttpUtils.testPostJson(HttpUtils.java:253) - [ INFO ]----响应体：{"name":["具有 项目名称 的 项目信息 已存在。"]}
2019-12-24 22:07:37 method: cases.BaseCase.test(BaseCase.java:86) - [ INFO ]----响应断言：true
2019-12-24 22:07:37 method: cases.BaseCase.test(BaseCase.java:100) - [ INFO ]----结果断言：Pass
2019-12-24 22:07:38 method: cases.BaseCase.finish(BaseCase.java:188) - [ INFO ]-----=-=-=-=-=回写完毕！--=-=-=-=-=-=
2019-12-24 22:07:38 method: cases.BaseCase.finish(BaseCase.java:188) - [ INFO ]-----=-=-=-=-=回写完毕！--=-=-=-=-=-=
2019-12-24 22:07:38 method: cases.BaseCase.finish(BaseCase.java:188) - [ INFO ]-----=-=-=-=-=回写完毕！--=-=-=-=-=-=
2019-12-24 22:07:38 method: cases.BaseCase.finish(BaseCase.java:188) - [ INFO ]-----=-=-=-=-=回写完毕！--=-=-=-=-=-=
2019-12-24 22:07:38 method: cases.BaseCase.finish(BaseCase.java:188) - [ INFO ]-----=-=-=-=-=回写完毕！--=-=-=-=-=-=
